[ 2016-05-27T20:02:03+08:00 ] /iBE/ | INFO: Tag[ app_begin ] --START--
[ 2016-05-27T20:02:03+08:00 ] /iBE/ | INFO: Run ReadHtmlCache Behavior [ RunTime:0.017353s ]
[ 2016-05-27T20:02:03+08:00 ] /iBE/ | INFO: Tag[ app_begin ] --END-- [ RunTime:0.169907s ]
[ 2016-05-27T20:02:03+08:00 ] /iBE/ | NOTIC: [8192] mysql_connect(): The mysql extension is deprecated and will be removed in the future: use mysqli or PDO instead DbMysql.class.php 第 67 行.
[ 2016-05-27T20:02:03+08:00 ] /iBE/ | SQL: SHOW COLUMNS FROM `ibe_bookinfo` [ RunTime:0.108465s ]
[ 2016-05-27T20:02:03+08:00 ] /iBE/ | NOTIC: [8192] preg_replace(): The /e modifier is deprecated, use preg_replace_callback instead Db.class.php 第 660 行.
[ 2016-05-27T20:02:03+08:00 ] /iBE/ | SQL: SELECT `book_id`,`book_name`,`book_author`,`owner_id`,`book_owner_message`,`insert_time` FROM `ibe_bookinfo` ORDER BY book_id desc  [ RunTime:0.000858s ]
[ 2016-05-27T20:02:03+08:00 ] /iBE/ | NOTIC: [8] A non well formed numeric value encountered IndexAction.class.php 第 28 行.
[ 2016-05-27T20:02:03+08:00 ] /iBE/ | NOTIC: [8] A non well formed numeric value encountered IndexAction.class.php 第 28 行.
[ 2016-05-27T20:02:03+08:00 ] /iBE/ | NOTIC: [8] A non well formed numeric value encountered IndexAction.class.php 第 28 行.
[ 2016-05-27T20:02:03+08:00 ] /iBE/ | NOTIC: [8] A non well formed numeric value encountered IndexAction.class.php 第 28 行.
[ 2016-05-27T20:02:03+08:00 ] /iBE/ | NOTIC: [8] A non well formed numeric value encountered IndexAction.class.php 第 28 行.
[ 2016-05-27T20:02:03+08:00 ] /iBE/ | INFO: Tag[ view_template ] --START--
[ 2016-05-27T20:02:03+08:00 ] /iBE/ | INFO: Run LocationTemplate Behavior [ RunTime:0.057487s ]
[ 2016-05-27T20:02:03+08:00 ] /iBE/ | INFO: Tag[ view_template ] --END-- [ RunTime:0.057615s ]
[ 2016-05-27T20:02:03+08:00 ] /iBE/ | INFO: Tag[ view_parse ] --START--
[ 2016-05-27T20:02:03+08:00 ] /iBE/ | NOTIC: [8192] preg_replace(): The /e modifier is deprecated, use preg_replace_callback instead ThinkTemplate.class.php 第 186 行.
[ 2016-05-27T20:02:03+08:00 ] /iBE/ | NOTIC: [8192] preg_replace(): The /e modifier is deprecated, use preg_replace_callback instead ThinkTemplate.class.php 第 406 行.
[ 2016-05-27T20:02:03+08:00 ] /iBE/ | NOTIC: [8192] preg_replace(): The /e modifier is deprecated, use preg_replace_callback instead ThinkTemplate.class.php 第 406 行.
[ 2016-05-27T20:02:03+08:00 ] /iBE/ | NOTIC: [8192] preg_replace(): The /e modifier is deprecated, use preg_replace_callback instead ThinkTemplate.class.php 第 186 行.
[ 2016-05-27T20:02:03+08:00 ] /iBE/ | NOTIC: [8192] preg_replace(): The /e modifier is deprecated, use preg_replace_callback instead ThinkTemplate.class.php 第 406 行.
[ 2016-05-27T20:02:03+08:00 ] /iBE/ | NOTIC: [8192] preg_replace(): The /e modifier is deprecated, use preg_replace_callback instead ThinkTemplate.class.php 第 406 行.
[ 2016-05-27T20:02:03+08:00 ] /iBE/ | NOTIC: [8192] preg_replace(): The /e modifier is deprecated, use preg_replace_callback instead ThinkTemplate.class.php 第 406 行.
[ 2016-05-27T20:02:03+08:00 ] /iBE/ | NOTIC: [8192] preg_replace(): The /e modifier is deprecated, use preg_replace_callback instead ThinkTemplate.class.php 第 406 行.
[ 2016-05-27T20:02:03+08:00 ] /iBE/ | NOTIC: [8192] preg_replace(): The /e modifier is deprecated, use preg_replace_callback instead ThinkTemplate.class.php 第 406 行.
[ 2016-05-27T20:02:03+08:00 ] /iBE/ | NOTIC: [8192] preg_replace(): The /e modifier is deprecated, use preg_replace_callback instead ThinkTemplate.class.php 第 406 行.
[ 2016-05-27T20:02:03+08:00 ] /iBE/ | NOTIC: [8192] preg_replace(): The /e modifier is deprecated, use preg_replace_callback instead ThinkTemplate.class.php 第 406 行.
[ 2016-05-27T20:02:03+08:00 ] /iBE/ | NOTIC: [8192] preg_replace(): The /e modifier is deprecated, use preg_replace_callback instead ThinkTemplate.class.php 第 406 行.
[ 2016-05-27T20:02:03+08:00 ] /iBE/ | NOTIC: [8192] preg_replace(): The /e modifier is deprecated, use preg_replace_callback instead ThinkTemplate.class.php 第 406 行.
[ 2016-05-27T20:02:03+08:00 ] /iBE/ | NOTIC: [8192] preg_replace(): The /e modifier is deprecated, use preg_replace_callback instead ThinkTemplate.class.php 第 402 行.
[ 2016-05-27T20:02:03+08:00 ] /iBE/ | NOTIC: [8192] preg_replace(): The /e modifier is deprecated, use preg_replace_callback instead ThinkTemplate.class.php 第 402 行.
[ 2016-05-27T20:02:03+08:00 ] /iBE/ | NOTIC: [8192] preg_replace(): The /e modifier is deprecated, use preg_replace_callback instead ThinkTemplate.class.php 第 406 行.
[ 2016-05-27T20:02:03+08:00 ] /iBE/ | NOTIC: [8192] preg_replace(): The /e modifier is deprecated, use preg_replace_callback instead ThinkTemplate.class.php 第 406 行.
[ 2016-05-27T20:02:03+08:00 ] /iBE/ | NOTIC: [8192] preg_replace(): The /e modifier is deprecated, use preg_replace_callback instead ThinkTemplate.class.php 第 406 行.
[ 2016-05-27T20:02:03+08:00 ] /iBE/ | NOTIC: [8192] preg_replace(): The /e modifier is deprecated, use preg_replace_callback instead ThinkTemplate.class.php 第 402 行.
[ 2016-05-27T20:02:03+08:00 ] /iBE/ | NOTIC: [8192] preg_replace(): The /e modifier is deprecated, use preg_replace_callback instead ThinkTemplate.class.php 第 406 行.
[ 2016-05-27T20:02:03+08:00 ] /iBE/ | NOTIC: [8192] preg_replace(): The /e modifier is deprecated, use preg_replace_callback instead ThinkTemplate.class.php 第 406 行.
[ 2016-05-27T20:02:03+08:00 ] /iBE/ | NOTIC: [8192] preg_replace(): The /e modifier is deprecated, use preg_replace_callback instead ThinkTemplate.class.php 第 406 行.
[ 2016-05-27T20:02:03+08:00 ] /iBE/ | NOTIC: [8192] preg_replace(): The /e modifier is deprecated, use preg_replace_callback instead ThinkTemplate.class.php 第 406 行.
[ 2016-05-27T20:02:03+08:00 ] /iBE/ | NOTIC: [8192] preg_replace(): The /e modifier is deprecated, use preg_replace_callback instead ThinkTemplate.class.php 第 406 行.
[ 2016-05-27T20:02:03+08:00 ] /iBE/ | NOTIC: [8192] preg_replace(): The /e modifier is deprecated, use preg_replace_callback instead ThinkTemplate.class.php 第 406 行.
[ 2016-05-27T20:02:03+08:00 ] /iBE/ | NOTIC: [8192] preg_replace(): The /e modifier is deprecated, use preg_replace_callback instead ThinkTemplate.class.php 第 406 行.
[ 2016-05-27T20:02:03+08:00 ] /iBE/ | NOTIC: [8192] preg_replace(): The /e modifier is deprecated, use preg_replace_callback instead ThinkTemplate.class.php 第 406 行.
[ 2016-05-27T20:02:03+08:00 ] /iBE/ | NOTIC: [8192] preg_replace(): The /e modifier is deprecated, use preg_replace_callback instead ThinkTemplate.class.php 第 406 行.
[ 2016-05-27T20:02:03+08:00 ] /iBE/ | NOTIC: [8192] preg_replace(): The /e modifier is deprecated, use preg_replace_callback instead ThinkTemplate.class.php 第 406 行.
[ 2016-05-27T20:02:03+08:00 ] /iBE/ | NOTIC: [8192] preg_replace(): The /e modifier is deprecated, use preg_replace_callback instead ThinkTemplate.class.php 第 406 行.
[ 2016-05-27T20:02:03+08:00 ] /iBE/ | NOTIC: [8192] preg_replace(): The /e modifier is deprecated, use preg_replace_callback instead ThinkTemplate.class.php 第 406 行.
[ 2016-05-27T20:02:03+08:00 ] /iBE/ | NOTIC: [8192] preg_replace(): The /e modifier is deprecated, use preg_replace_callback instead ThinkTemplate.class.php 第 406 行.
[ 2016-05-27T20:02:03+08:00 ] /iBE/ | NOTIC: [8192] preg_replace(): The /e modifier is deprecated, use preg_replace_callback instead ThinkTemplate.class.php 第 406 行.
[ 2016-05-27T20:02:03+08:00 ] /iBE/ | NOTIC: [8192] preg_replace(): The /e modifier is deprecated, use preg_replace_callback instead ThinkTemplate.class.php 第 406 行.
[ 2016-05-27T20:02:03+08:00 ] /iBE/ | NOTIC: [8192] preg_replace(): The /e modifier is deprecated, use preg_replace_callback instead ThinkTemplate.class.php 第 406 行.
[ 2016-05-27T20:02:03+08:00 ] /iBE/ | NOTIC: [8192] preg_replace(): The /e modifier is deprecated, use preg_replace_callback instead ThinkTemplate.class.php 第 406 行.
[ 2016-05-27T20:02:03+08:00 ] /iBE/ | NOTIC: [8192] preg_replace(): The /e modifier is deprecated, use preg_replace_callback instead ThinkTemplate.class.php 第 406 行.
[ 2016-05-27T20:02:03+08:00 ] /iBE/ | NOTIC: [8192] preg_replace(): The /e modifier is deprecated, use preg_replace_callback instead ThinkTemplate.class.php 第 406 行.
[ 2016-05-27T20:02:03+08:00 ] /iBE/ | NOTIC: [8192] preg_replace(): The /e modifier is deprecated, use preg_replace_callback instead ThinkTemplate.class.php 第 406 行.
[ 2016-05-27T20:02:03+08:00 ] /iBE/ | NOTIC: [8192] preg_replace(): The /e modifier is deprecated, use preg_replace_callback instead ThinkTemplate.class.php 第 406 行.
[ 2016-05-27T20:02:03+08:00 ] /iBE/ | NOTIC: [8192] preg_replace(): The /e modifier is deprecated, use preg_replace_callback instead ThinkTemplate.class.php 第 406 行.
[ 2016-05-27T20:02:03+08:00 ] /iBE/ | NOTIC: [8192] preg_replace(): The /e modifier is deprecated, use preg_replace_callback instead ThinkTemplate.class.php 第 406 行.
[ 2016-05-27T20:02:03+08:00 ] /iBE/ | NOTIC: [8192] preg_replace(): The /e modifier is deprecated, use preg_replace_callback instead ThinkTemplate.class.php 第 406 行.
[ 2016-05-27T20:02:03+08:00 ] /iBE/ | NOTIC: [8192] preg_replace(): The /e modifier is deprecated, use preg_replace_callback instead ThinkTemplate.class.php 第 406 行.
[ 2016-05-27T20:02:03+08:00 ] /iBE/ | NOTIC: [8192] preg_replace(): The /e modifier is deprecated, use preg_replace_callback instead ThinkTemplate.class.php 第 406 行.
[ 2016-05-27T20:02:03+08:00 ] /iBE/ | NOTIC: [8192] preg_replace(): The /e modifier is deprecated, use preg_replace_callback instead ThinkTemplate.class.php 第 406 行.
[ 2016-05-27T20:02:03+08:00 ] /iBE/ | NOTIC: [8192] preg_replace(): The /e modifier is deprecated, use preg_replace_callback instead ThinkTemplate.class.php 第 406 行.
[ 2016-05-27T20:02:03+08:00 ] /iBE/ | NOTIC: [8192] preg_replace(): The /e modifier is deprecated, use preg_replace_callback instead ThinkTemplate.class.php 第 406 行.
[ 2016-05-27T20:02:03+08:00 ] /iBE/ | NOTIC: [8192] preg_replace(): The /e modifier is deprecated, use preg_replace_callback instead ThinkTemplate.class.php 第 406 行.
[ 2016-05-27T20:02:03+08:00 ] /iBE/ | NOTIC: [8192] preg_replace(): The /e modifier is deprecated, use preg_replace_callback instead ThinkTemplate.class.php 第 406 行.
[ 2016-05-27T20:02:03+08:00 ] /iBE/ | NOTIC: [8192] preg_replace(): The /e modifier is deprecated, use preg_replace_callback instead ThinkTemplate.class.php 第 406 行.
[ 2016-05-27T20:02:03+08:00 ] /iBE/ | NOTIC: [8192] preg_replace(): The /e modifier is deprecated, use preg_replace_callback instead ThinkTemplate.class.php 第 406 行.
[ 2016-05-27T20:02:03+08:00 ] /iBE/ | NOTIC: [8192] preg_replace(): The /e modifier is deprecated, use preg_replace_callback instead ThinkTemplate.class.php 第 406 行.
[ 2016-05-27T20:02:03+08:00 ] /iBE/ | NOTIC: [8192] preg_replace(): The /e modifier is deprecated, use preg_replace_callback instead ThinkTemplate.class.php 第 406 行.
[ 2016-05-27T20:02:03+08:00 ] /iBE/ | NOTIC: [8192] preg_replace(): The /e modifier is deprecated, use preg_replace_callback instead ThinkTemplate.class.php 第 406 行.
[ 2016-05-27T20:02:03+08:00 ] /iBE/ | NOTIC: [8192] preg_replace(): The /e modifier is deprecated, use preg_replace_callback instead ThinkTemplate.class.php 第 406 行.
[ 2016-05-27T20:02:03+08:00 ] /iBE/ | NOTIC: [8192] preg_replace(): The /e modifier is deprecated, use preg_replace_callback instead ThinkTemplate.class.php 第 406 行.
[ 2016-05-27T20:02:03+08:00 ] /iBE/ | NOTIC: [8192] preg_replace(): The /e modifier is deprecated, use preg_replace_callback instead ThinkTemplate.class.php 第 406 行.
[ 2016-05-27T20:02:03+08:00 ] /iBE/ | NOTIC: [8192] preg_replace(): The /e modifier is deprecated, use preg_replace_callback instead ThinkTemplate.class.php 第 406 行.
[ 2016-05-27T20:02:03+08:00 ] /iBE/ | NOTIC: [8192] preg_replace(): The /e modifier is deprecated, use preg_replace_callback instead ThinkTemplate.class.php 第 406 行.
[ 2016-05-27T20:02:03+08:00 ] /iBE/ | NOTIC: [8192] preg_replace(): The /e modifier is deprecated, use preg_replace_callback instead ThinkTemplate.class.php 第 406 行.
[ 2016-05-27T20:02:03+08:00 ] /iBE/ | NOTIC: [8192] preg_replace(): The /e modifier is deprecated, use preg_replace_callback instead ThinkTemplate.class.php 第 406 行.
[ 2016-05-27T20:02:03+08:00 ] /iBE/ | NOTIC: [8192] preg_replace(): The /e modifier is deprecated, use preg_replace_callback instead ThinkTemplate.class.php 第 406 行.
[ 2016-05-27T20:02:03+08:00 ] /iBE/ | NOTIC: [8192] preg_replace(): The /e modifier is deprecated, use preg_replace_callback instead ThinkTemplate.class.php 第 406 行.
[ 2016-05-27T20:02:03+08:00 ] /iBE/ | NOTIC: [8192] preg_replace(): The /e modifier is deprecated, use preg_replace_callback instead ThinkTemplate.class.php 第 406 行.
[ 2016-05-27T20:02:03+08:00 ] /iBE/ | NOTIC: [8192] preg_replace(): The /e modifier is deprecated, use preg_replace_callback instead ThinkTemplate.class.php 第 406 行.
[ 2016-05-27T20:02:03+08:00 ] /iBE/ | NOTIC: [8192] preg_replace(): The /e modifier is deprecated, use preg_replace_callback instead ThinkTemplate.class.php 第 406 行.
[ 2016-05-27T20:02:03+08:00 ] /iBE/ | NOTIC: [8192] preg_replace(): The /e modifier is deprecated, use preg_replace_callback instead ThinkTemplate.class.php 第 406 行.
[ 2016-05-27T20:02:03+08:00 ] /iBE/ | NOTIC: [8192] preg_replace(): The /e modifier is deprecated, use preg_replace_callback instead ThinkTemplate.class.php 第 406 行.
[ 2016-05-27T20:02:03+08:00 ] /iBE/ | NOTIC: [8192] preg_replace(): The /e modifier is deprecated, use preg_replace_callback instead ThinkTemplate.class.php 第 406 行.
[ 2016-05-27T20:02:03+08:00 ] /iBE/ | NOTIC: [8192] preg_replace(): The /e modifier is deprecated, use preg_replace_callback instead ThinkTemplate.class.php 第 406 行.
[ 2016-05-27T20:02:03+08:00 ] /iBE/ | NOTIC: [8192] preg_replace(): The /e modifier is deprecated, use preg_replace_callback instead ThinkTemplate.class.php 第 406 行.
[ 2016-05-27T20:02:03+08:00 ] /iBE/ | NOTIC: [8192] preg_replace(): The /e modifier is deprecated, use preg_replace_callback instead ThinkTemplate.class.php 第 406 行.
[ 2016-05-27T20:02:03+08:00 ] /iBE/ | NOTIC: [8192] preg_replace(): The /e modifier is deprecated, use preg_replace_callback instead ThinkTemplate.class.php 第 406 行.
[ 2016-05-27T20:02:03+08:00 ] /iBE/ | NOTIC: [8192] preg_replace(): The /e modifier is deprecated, use preg_replace_callback instead ThinkTemplate.class.php 第 406 行.
[ 2016-05-27T20:02:03+08:00 ] /iBE/ | NOTIC: [8192] preg_replace(): The /e modifier is deprecated, use preg_replace_callback instead ThinkTemplate.class.php 第 406 行.
[ 2016-05-27T20:02:03+08:00 ] /iBE/ | NOTIC: [8192] preg_replace(): The /e modifier is deprecated, use preg_replace_callback instead ThinkTemplate.class.php 第 406 行.
[ 2016-05-27T20:02:03+08:00 ] /iBE/ | NOTIC: [8192] preg_replace(): The /e modifier is deprecated, use preg_replace_callback instead ThinkTemplate.class.php 第 406 行.
[ 2016-05-27T20:02:03+08:00 ] /iBE/ | NOTIC: [8192] preg_replace(): The /e modifier is deprecated, use preg_replace_callback instead ThinkTemplate.class.php 第 406 行.
[ 2016-05-27T20:02:03+08:00 ] /iBE/ | NOTIC: [8192] preg_replace(): The /e modifier is deprecated, use preg_replace_callback instead ThinkTemplate.class.php 第 406 行.
[ 2016-05-27T20:02:03+08:00 ] /iBE/ | NOTIC: [8192] preg_replace(): The /e modifier is deprecated, use preg_replace_callback instead ThinkTemplate.class.php 第 406 行.
[ 2016-05-27T20:02:03+08:00 ] /iBE/ | NOTIC: [8192] preg_replace(): The /e modifier is deprecated, use preg_replace_callback instead ThinkTemplate.class.php 第 406 行.
[ 2016-05-27T20:02:03+08:00 ] /iBE/ | NOTIC: [8192] preg_replace(): The /e modifier is deprecated, use preg_replace_callback instead ThinkTemplate.class.php 第 406 行.
[ 2016-05-27T20:02:03+08:00 ] /iBE/ | NOTIC: [8192] preg_replace(): The /e modifier is deprecated, use preg_replace_callback instead ThinkTemplate.class.php 第 406 行.
[ 2016-05-27T20:02:03+08:00 ] /iBE/ | NOTIC: [8192] preg_replace(): The /e modifier is deprecated, use preg_replace_callback instead ThinkTemplate.class.php 第 406 行.
[ 2016-05-27T20:02:03+08:00 ] /iBE/ | NOTIC: [8192] preg_replace(): The /e modifier is deprecated, use preg_replace_callback instead ThinkTemplate.class.php 第 402 行.
[ 2016-05-27T20:02:03+08:00 ] /iBE/ | NOTIC: [8192] preg_replace(): The /e modifier is deprecated, use preg_replace_callback instead ThinkTemplate.class.php 第 402 行.
[ 2016-05-27T20:02:03+08:00 ] /iBE/ | NOTIC: [8192] preg_replace(): The /e modifier is deprecated, use preg_replace_callback instead ThinkTemplate.class.php 第 402 行.
[ 2016-05-27T20:02:03+08:00 ] /iBE/ | NOTIC: [8192] preg_replace(): The /e modifier is deprecated, use preg_replace_callback instead ThinkTemplate.class.php 第 402 行.
[ 2016-05-27T20:02:03+08:00 ] /iBE/ | NOTIC: [8192] preg_replace(): The /e modifier is deprecated, use preg_replace_callback instead ThinkTemplate.class.php 第 402 行.
[ 2016-05-27T20:02:03+08:00 ] /iBE/ | NOTIC: [8192] preg_replace(): The /e modifier is deprecated, use preg_replace_callback instead ThinkTemplate.class.php 第 402 行.
[ 2016-05-27T20:02:03+08:00 ] /iBE/ | NOTIC: [8192] preg_replace(): The /e modifier is deprecated, use preg_replace_callback instead ThinkTemplate.class.php 第 406 行.
[ 2016-05-27T20:02:03+08:00 ] /iBE/ | NOTIC: [8192] preg_replace(): The /e modifier is deprecated, use preg_replace_callback instead ThinkTemplate.class.php 第 406 行.
[ 2016-05-27T20:02:03+08:00 ] /iBE/ | NOTIC: [8192] preg_replace(): The /e modifier is deprecated, use preg_replace_callback instead ThinkTemplate.class.php 第 406 行.
[ 2016-05-27T20:02:03+08:00 ] /iBE/ | NOTIC: [8192] preg_replace(): The /e modifier is deprecated, use preg_replace_callback instead ThinkTemplate.class.php 第 220 行.
[ 2016-05-27T20:02:03+08:00 ] /iBE/ | NOTIC: [8192] preg_replace(): The /e modifier is deprecated, use preg_replace_callback instead ThinkTemplate.class.php 第 406 行.
[ 2016-05-27T20:02:03+08:00 ] /iBE/ | NOTIC: [8192] preg_replace(): The /e modifier is deprecated, use preg_replace_callback instead ThinkTemplate.class.php 第 406 行.
[ 2016-05-27T20:02:03+08:00 ] /iBE/ | NOTIC: [8192] preg_replace(): The /e modifier is deprecated, use preg_replace_callback instead ThinkTemplate.class.php 第 406 行.
[ 2016-05-27T20:02:03+08:00 ] /iBE/ | NOTIC: [8192] preg_replace(): The /e modifier is deprecated, use preg_replace_callback instead ThinkTemplate.class.php 第 406 行.
[ 2016-05-27T20:02:03+08:00 ] /iBE/ | NOTIC: [8192] preg_replace(): The /e modifier is deprecated, use preg_replace_callback instead ThinkTemplate.class.php 第 406 行.
[ 2016-05-27T20:02:03+08:00 ] /iBE/ | NOTIC: [8192] preg_replace(): The /e modifier is deprecated, use preg_replace_callback instead ThinkTemplate.class.php 第 406 行.
[ 2016-05-27T20:02:03+08:00 ] /iBE/ | NOTIC: [8192] preg_replace(): The /e modifier is deprecated, use preg_replace_callback instead ThinkTemplate.class.php 第 406 行.
[ 2016-05-27T20:02:03+08:00 ] /iBE/ | NOTIC: [8192] preg_replace(): The /e modifier is deprecated, use preg_replace_callback instead ThinkTemplate.class.php 第 402 行.
[ 2016-05-27T20:02:03+08:00 ] /iBE/ | NOTIC: [8192] preg_replace(): The /e modifier is deprecated, use preg_replace_callback instead ThinkTemplate.class.php 第 402 行.
[ 2016-05-27T20:02:03+08:00 ] /iBE/ | NOTIC: [8192] preg_replace(): The /e modifier is deprecated, use preg_replace_callback instead ThinkTemplate.class.php 第 406 行.
[ 2016-05-27T20:02:03+08:00 ] /iBE/ | NOTIC: [8192] preg_replace(): The /e modifier is deprecated, use preg_replace_callback instead ThinkTemplate.class.php 第 406 行.
[ 2016-05-27T20:02:03+08:00 ] /iBE/ | NOTIC: [8192] preg_replace(): The /e modifier is deprecated, use preg_replace_callback instead ThinkTemplate.class.php 第 406 行.
[ 2016-05-27T20:02:03+08:00 ] /iBE/ | NOTIC: [8192] preg_replace(): The /e modifier is deprecated, use preg_replace_callback instead ThinkTemplate.class.php 第 402 行.
[ 2016-05-27T20:02:03+08:00 ] /iBE/ | NOTIC: [8192] preg_replace(): The /e modifier is deprecated, use preg_replace_callback instead ThinkTemplate.class.php 第 406 行.
[ 2016-05-27T20:02:03+08:00 ] /iBE/ | NOTIC: [8192] preg_replace(): The /e modifier is deprecated, use preg_replace_callback instead ThinkTemplate.class.php 第 406 行.
[ 2016-05-27T20:02:03+08:00 ] /iBE/ | NOTIC: [8192] preg_replace(): The /e modifier is deprecated, use preg_replace_callback instead ThinkTemplate.class.php 第 406 行.
[ 2016-05-27T20:02:03+08:00 ] /iBE/ | NOTIC: [8192] preg_replace(): The /e modifier is deprecated, use preg_replace_callback instead ThinkTemplate.class.php 第 406 行.
[ 2016-05-27T20:02:03+08:00 ] /iBE/ | NOTIC: [8192] preg_replace(): The /e modifier is deprecated, use preg_replace_callback instead ThinkTemplate.class.php 第 406 行.
[ 2016-05-27T20:02:03+08:00 ] /iBE/ | NOTIC: [8192] preg_replace(): The /e modifier is deprecated, use preg_replace_callback instead ThinkTemplate.class.php 第 406 行.
[ 2016-05-27T20:02:03+08:00 ] /iBE/ | NOTIC: [8192] preg_replace(): The /e modifier is deprecated, use preg_replace_callback instead ThinkTemplate.class.php 第 406 行.
[ 2016-05-27T20:02:04+08:00 ] /iBE/ | NOTIC: [8192] preg_replace(): The /e modifier is deprecated, use preg_replace_callback instead ThinkTemplate.class.php 第 406 行.
[ 2016-05-27T20:02:04+08:00 ] /iBE/ | NOTIC: [8192] preg_replace(): The /e modifier is deprecated, use preg_replace_callback instead ThinkTemplate.class.php 第 406 行.
[ 2016-05-27T20:02:04+08:00 ] /iBE/ | NOTIC: [8192] preg_replace(): The /e modifier is deprecated, use preg_replace_callback instead ThinkTemplate.class.php 第 406 行.
[ 2016-05-27T20:02:04+08:00 ] /iBE/ | NOTIC: [8192] preg_replace(): The /e modifier is deprecated, use preg_replace_callback instead ThinkTemplate.class.php 第 406 行.
[ 2016-05-27T20:02:04+08:00 ] /iBE/ | NOTIC: [8192] preg_replace(): The /e modifier is deprecated, use preg_replace_callback instead ThinkTemplate.class.php 第 406 行.
[ 2016-05-27T20:02:04+08:00 ] /iBE/ | NOTIC: [8192] preg_replace(): The /e modifier is deprecated, use preg_replace_callback instead ThinkTemplate.class.php 第 406 行.
[ 2016-05-27T20:02:04+08:00 ] /iBE/ | NOTIC: [8192] preg_replace(): The /e modifier is deprecated, use preg_replace_callback instead ThinkTemplate.class.php 第 406 行.
[ 2016-05-27T20:02:04+08:00 ] /iBE/ | NOTIC: [8192] preg_replace(): The /e modifier is deprecated, use preg_replace_callback instead ThinkTemplate.class.php 第 406 行.
[ 2016-05-27T20:02:04+08:00 ] /iBE/ | NOTIC: [8192] preg_replace(): The /e modifier is deprecated, use preg_replace_callback instead ThinkTemplate.class.php 第 406 行.
[ 2016-05-27T20:02:04+08:00 ] /iBE/ | NOTIC: [8192] preg_replace(): The /e modifier is deprecated, use preg_replace_callback instead ThinkTemplate.class.php 第 406 行.
[ 2016-05-27T20:02:04+08:00 ] /iBE/ | NOTIC: [8192] preg_replace(): The /e modifier is deprecated, use preg_replace_callback instead ThinkTemplate.class.php 第 406 行.
[ 2016-05-27T20:02:04+08:00 ] /iBE/ | NOTIC: [8192] preg_replace(): The /e modifier is deprecated, use preg_replace_callback instead ThinkTemplate.class.php 第 406 行.
[ 2016-05-27T20:02:04+08:00 ] /iBE/ | NOTIC: [8192] preg_replace(): The /e modifier is deprecated, use preg_replace_callback instead ThinkTemplate.class.php 第 406 行.
[ 2016-05-27T20:02:04+08:00 ] /iBE/ | NOTIC: [8192] preg_replace(): The /e modifier is deprecated, use preg_replace_callback instead ThinkTemplate.class.php 第 406 行.
[ 2016-05-27T20:02:04+08:00 ] /iBE/ | NOTIC: [8192] preg_replace(): The /e modifier is deprecated, use preg_replace_callback instead ThinkTemplate.class.php 第 406 行.
[ 2016-05-27T20:02:04+08:00 ] /iBE/ | NOTIC: [8192] preg_replace(): The /e modifier is deprecated, use preg_replace_callback instead ThinkTemplate.class.php 第 406 行.
[ 2016-05-27T20:02:04+08:00 ] /iBE/ | NOTIC: [8192] preg_replace(): The /e modifier is deprecated, use preg_replace_callback instead ThinkTemplate.class.php 第 406 行.
[ 2016-05-27T20:02:04+08:00 ] /iBE/ | NOTIC: [8192] preg_replace(): The /e modifier is deprecated, use preg_replace_callback instead ThinkTemplate.class.php 第 406 行.
[ 2016-05-27T20:02:04+08:00 ] /iBE/ | NOTIC: [8192] preg_replace(): The /e modifier is deprecated, use preg_replace_callback instead ThinkTemplate.class.php 第 406 行.
[ 2016-05-27T20:02:04+08:00 ] /iBE/ | NOTIC: [8192] preg_replace(): The /e modifier is deprecated, use preg_replace_callback instead ThinkTemplate.class.php 第 406 行.
[ 2016-05-27T20:02:04+08:00 ] /iBE/ | NOTIC: [8192] preg_replace(): The /e modifier is deprecated, use preg_replace_callback instead ThinkTemplate.class.php 第 406 行.
[ 2016-05-27T20:02:04+08:00 ] /iBE/ | NOTIC: [8192] preg_replace(): The /e modifier is deprecated, use preg_replace_callback instead ThinkTemplate.class.php 第 406 行.
[ 2016-05-27T20:02:04+08:00 ] /iBE/ | NOTIC: [8192] preg_replace(): The /e modifier is deprecated, use preg_replace_callback instead ThinkTemplate.class.php 第 406 行.
[ 2016-05-27T20:02:04+08:00 ] /iBE/ | NOTIC: [8192] preg_replace(): The /e modifier is deprecated, use preg_replace_callback instead ThinkTemplate.class.php 第 406 行.
[ 2016-05-27T20:02:04+08:00 ] /iBE/ | NOTIC: [8192] preg_replace(): The /e modifier is deprecated, use preg_replace_callback instead ThinkTemplate.class.php 第 406 行.
[ 2016-05-27T20:02:04+08:00 ] /iBE/ | NOTIC: [8192] preg_replace(): The /e modifier is deprecated, use preg_replace_callback instead ThinkTemplate.class.php 第 406 行.
[ 2016-05-27T20:02:04+08:00 ] /iBE/ | NOTIC: [8192] preg_replace(): The /e modifier is deprecated, use preg_replace_callback instead ThinkTemplate.class.php 第 406 行.
[ 2016-05-27T20:02:04+08:00 ] /iBE/ | NOTIC: [8192] preg_replace(): The /e modifier is deprecated, use preg_replace_callback instead ThinkTemplate.class.php 第 406 行.
[ 2016-05-27T20:02:04+08:00 ] /iBE/ | NOTIC: [8192] preg_replace(): The /e modifier is deprecated, use preg_replace_callback instead ThinkTemplate.class.php 第 406 行.
[ 2016-05-27T20:02:04+08:00 ] /iBE/ | NOTIC: [8192] preg_replace(): The /e modifier is deprecated, use preg_replace_callback instead ThinkTemplate.class.php 第 406 行.
[ 2016-05-27T20:02:04+08:00 ] /iBE/ | NOTIC: [8192] preg_replace(): The /e modifier is deprecated, use preg_replace_callback instead ThinkTemplate.class.php 第 406 行.
[ 2016-05-27T20:02:04+08:00 ] /iBE/ | NOTIC: [8192] preg_replace(): The /e modifier is deprecated, use preg_replace_callback instead ThinkTemplate.class.php 第 406 行.
[ 2016-05-27T20:02:04+08:00 ] /iBE/ | NOTIC: [8192] preg_replace(): The /e modifier is deprecated, use preg_replace_callback instead ThinkTemplate.class.php 第 406 行.
[ 2016-05-27T20:02:04+08:00 ] /iBE/ | NOTIC: [8192] preg_replace(): The /e modifier is deprecated, use preg_replace_callback instead ThinkTemplate.class.php 第 406 行.
[ 2016-05-27T20:02:04+08:00 ] /iBE/ | NOTIC: [8192] preg_replace(): The /e modifier is deprecated, use preg_replace_callback instead ThinkTemplate.class.php 第 406 行.
[ 2016-05-27T20:02:04+08:00 ] /iBE/ | NOTIC: [8192] preg_replace(): The /e modifier is deprecated, use preg_replace_callback instead ThinkTemplate.class.php 第 406 行.
[ 2016-05-27T20:02:04+08:00 ] /iBE/ | NOTIC: [8192] preg_replace(): The /e modifier is deprecated, use preg_replace_callback instead ThinkTemplate.class.php 第 406 行.
[ 2016-05-27T20:02:04+08:00 ] /iBE/ | NOTIC: [8192] preg_replace(): The /e modifier is deprecated, use preg_replace_callback instead ThinkTemplate.class.php 第 406 行.
[ 2016-05-27T20:02:04+08:00 ] /iBE/ | NOTIC: [8192] preg_replace(): The /e modifier is deprecated, use preg_replace_callback instead ThinkTemplate.class.php 第 406 行.
[ 2016-05-27T20:02:04+08:00 ] /iBE/ | NOTIC: [8192] preg_replace(): The /e modifier is deprecated, use preg_replace_callback instead ThinkTemplate.class.php 第 406 行.
[ 2016-05-27T20:02:04+08:00 ] /iBE/ | NOTIC: [8192] preg_replace(): The /e modifier is deprecated, use preg_replace_callback instead ThinkTemplate.class.php 第 406 行.
[ 2016-05-27T20:02:04+08:00 ] /iBE/ | NOTIC: [8192] preg_replace(): The /e modifier is deprecated, use preg_replace_callback instead ThinkTemplate.class.php 第 406 行.
[ 2016-05-27T20:02:04+08:00 ] /iBE/ | NOTIC: [8192] preg_replace(): The /e modifier is deprecated, use preg_replace_callback instead ThinkTemplate.class.php 第 406 行.
[ 2016-05-27T20:02:04+08:00 ] /iBE/ | NOTIC: [8192] preg_replace(): The /e modifier is deprecated, use preg_replace_callback instead ThinkTemplate.class.php 第 406 行.
[ 2016-05-27T20:02:04+08:00 ] /iBE/ | NOTIC: [8192] preg_replace(): The /e modifier is deprecated, use preg_replace_callback instead ThinkTemplate.class.php 第 406 行.
[ 2016-05-27T20:02:04+08:00 ] /iBE/ | NOTIC: [8192] preg_replace(): The /e modifier is deprecated, use preg_replace_callback instead ThinkTemplate.class.php 第 406 行.
[ 2016-05-27T20:02:04+08:00 ] /iBE/ | NOTIC: [8192] preg_replace(): The /e modifier is deprecated, use preg_replace_callback instead ThinkTemplate.class.php 第 406 行.
[ 2016-05-27T20:02:04+08:00 ] /iBE/ | NOTIC: [8192] preg_replace(): The /e modifier is deprecated, use preg_replace_callback instead ThinkTemplate.class.php 第 406 行.
[ 2016-05-27T20:02:04+08:00 ] /iBE/ | NOTIC: [8192] preg_replace(): The /e modifier is deprecated, use preg_replace_callback instead ThinkTemplate.class.php 第 406 行.
[ 2016-05-27T20:02:04+08:00 ] /iBE/ | NOTIC: [8192] preg_replace(): The /e modifier is deprecated, use preg_replace_callback instead ThinkTemplate.class.php 第 406 行.
[ 2016-05-27T20:02:04+08:00 ] /iBE/ | NOTIC: [8192] preg_replace(): The /e modifier is deprecated, use preg_replace_callback instead ThinkTemplate.class.php 第 406 行.
[ 2016-05-27T20:02:04+08:00 ] /iBE/ | NOTIC: [8192] preg_replace(): The /e modifier is deprecated, use preg_replace_callback instead ThinkTemplate.class.php 第 406 行.
[ 2016-05-27T20:02:04+08:00 ] /iBE/ | NOTIC: [8192] preg_replace(): The /e modifier is deprecated, use preg_replace_callback instead ThinkTemplate.class.php 第 406 行.
[ 2016-05-27T20:02:04+08:00 ] /iBE/ | NOTIC: [8192] preg_replace(): The /e modifier is deprecated, use preg_replace_callback instead ThinkTemplate.class.php 第 406 行.
[ 2016-05-27T20:02:04+08:00 ] /iBE/ | NOTIC: [8192] preg_replace(): The /e modifier is deprecated, use preg_replace_callback instead ThinkTemplate.class.php 第 406 行.
[ 2016-05-27T20:02:04+08:00 ] /iBE/ | NOTIC: [8192] preg_replace(): The /e modifier is deprecated, use preg_replace_callback instead ThinkTemplate.class.php 第 406 行.
[ 2016-05-27T20:02:04+08:00 ] /iBE/ | NOTIC: [8192] preg_replace(): The /e modifier is deprecated, use preg_replace_callback instead ThinkTemplate.class.php 第 406 行.
[ 2016-05-27T20:02:04+08:00 ] /iBE/ | NOTIC: [8192] preg_replace(): The /e modifier is deprecated, use preg_replace_callback instead ThinkTemplate.class.php 第 406 行.
[ 2016-05-27T20:02:04+08:00 ] /iBE/ | NOTIC: [8192] preg_replace(): The /e modifier is deprecated, use preg_replace_callback instead ThinkTemplate.class.php 第 406 行.
[ 2016-05-27T20:02:04+08:00 ] /iBE/ | NOTIC: [8192] preg_replace(): The /e modifier is deprecated, use preg_replace_callback instead ThinkTemplate.class.php 第 402 行.
[ 2016-05-27T20:02:04+08:00 ] /iBE/ | NOTIC: [8192] preg_replace(): The /e modifier is deprecated, use preg_replace_callback instead ThinkTemplate.class.php 第 402 行.
[ 2016-05-27T20:02:04+08:00 ] /iBE/ | NOTIC: [8192] preg_replace(): The /e modifier is deprecated, use preg_replace_callback instead ThinkTemplate.class.php 第 402 行.
[ 2016-05-27T20:02:04+08:00 ] /iBE/ | NOTIC: [8192] preg_replace(): The /e modifier is deprecated, use preg_replace_callback instead ThinkTemplate.class.php 第 402 行.
[ 2016-05-27T20:02:04+08:00 ] /iBE/ | NOTIC: [8192] preg_replace(): The /e modifier is deprecated, use preg_replace_callback instead ThinkTemplate.class.php 第 402 行.
[ 2016-05-27T20:02:04+08:00 ] /iBE/ | NOTIC: [8192] preg_replace(): The /e modifier is deprecated, use preg_replace_callback instead ThinkTemplate.class.php 第 402 行.
[ 2016-05-27T20:02:04+08:00 ] /iBE/ | NOTIC: [8192] preg_replace(): The /e modifier is deprecated, use preg_replace_callback instead ThinkTemplate.class.php 第 406 行.
[ 2016-05-27T20:02:04+08:00 ] /iBE/ | NOTIC: [8192] preg_replace(): The /e modifier is deprecated, use preg_replace_callback instead ThinkTemplate.class.php 第 406 行.
[ 2016-05-27T20:02:04+08:00 ] /iBE/ | NOTIC: [8192] preg_replace(): The /e modifier is deprecated, use preg_replace_callback instead ThinkTemplate.class.php 第 406 行.
[ 2016-05-27T20:02:04+08:00 ] /iBE/ | NOTIC: [8192] preg_replace(): The /e modifier is deprecated, use preg_replace_callback instead ThinkTemplate.class.php 第 220 行.
[ 2016-05-27T20:02:04+08:00 ] /iBE/ | NOTIC: [8192] preg_replace(): The /e modifier is deprecated, use preg_replace_callback instead ThinkTemplate.class.php 第 154 行.
[ 2016-05-27T20:02:04+08:00 ] /iBE/ | NOTIC: [8] Undefined index: createtime d046431aa157c89f3a1c30c426be003b.php 第 11 行.
[ 2016-05-27T20:02:04+08:00 ] /iBE/ | NOTIC: [8] Undefined index: createtime d046431aa157c89f3a1c30c426be003b.php 第 11 行.
[ 2016-05-27T20:02:04+08:00 ] /iBE/ | NOTIC: [8] Undefined index: createtime d046431aa157c89f3a1c30c426be003b.php 第 11 行.
[ 2016-05-27T20:02:04+08:00 ] /iBE/ | NOTIC: [8] Undefined index: createtime d046431aa157c89f3a1c30c426be003b.php 第 11 行.
[ 2016-05-27T20:02:04+08:00 ] /iBE/ | NOTIC: [8] Undefined index: createtime d046431aa157c89f3a1c30c426be003b.php 第 11 行.
[ 2016-05-27T20:02:04+08:00 ] /iBE/ | INFO: Run ParseTemplate Behavior [ RunTime:0.400463s ]
[ 2016-05-27T20:02:04+08:00 ] /iBE/ | INFO: Tag[ view_parse ] --END-- [ RunTime:0.400598s ]
[ 2016-05-27T20:02:04+08:00 ] /iBE/ | INFO: Tag[ view_filter ] --START--
[ 2016-05-27T20:02:04+08:00 ] /iBE/ | INFO: Run ContentReplace Behavior [ RunTime:0.044044s ]
[ 2016-05-27T20:02:04+08:00 ] /iBE/ | INFO: Run TokenBuild Behavior [ RunTime:0.018978s ]
[ 2016-05-27T20:02:04+08:00 ] /iBE/ | INFO: Run WriteHtmlCache Behavior [ RunTime:0.015190s ]
[ 2016-05-27T20:02:04+08:00 ] /iBE/ | INFO: Run ShowRuntime Behavior [ RunTime:0.032105s ]
[ 2016-05-27T20:02:04+08:00 ] /iBE/ | INFO: Tag[ view_filter ] --END-- [ RunTime:0.110911s ]
[ 2016-05-27T20:02:04+08:00 ] /iBE/ | INFO: Tag[ view_end ] --START--
[ 2016-05-27T20:02:04+08:00 ] /iBE/ | INFO: Run ShowPageTrace Behavior [ RunTime:0.014759s ]
[ 2016-05-27T20:02:04+08:00 ] /iBE/ | INFO: Tag[ view_end ] --END-- [ RunTime:0.014878s ]
