[ 2016-01-06T08:03:46+08:00 ] /iBE/ | INFO: Tag[ app_begin ] --START--
[ 2016-01-06T08:03:47+08:00 ] /iBE/ | INFO: Run ReadHtmlCache Behavior [ RunTime:0.158359s ]
[ 2016-01-06T08:03:47+08:00 ] /iBE/ | INFO: Tag[ app_begin ] --END-- [ RunTime:0.306580s ]
[ 2016-01-06T08:03:48+08:00 ] /iBE/ | NOTIC: [8192] mysql_connect(): The mysql extension is deprecated and will be removed in the future: use mysqli or PDO instead DbMysql.class.php 第 67 行.
[ 2016-01-06T08:03:52+08:00 ] /iBE/ | SQL: SHOW COLUMNS FROM `ibe_bookinfo` [ RunTime:0.960350s ]
[ 2016-01-06T08:03:52+08:00 ] /iBE/ | NOTIC: [8192] preg_replace(): The /e modifier is deprecated, use preg_replace_callback instead Db.class.php 第 660 行.
[ 2016-01-06T08:03:53+08:00 ] /iBE/ | SQL: SELECT `book_id`,`book_name`,`book_author`,`owner_id`,`book_owner_message`,`insert_time` FROM `ibe_bookinfo` ORDER BY book_id desc  [ RunTime:0.176381s ]
[ 2016-01-06T08:03:53+08:00 ] /iBE/ | NOTIC: [8] A non well formed numeric value encountered IndexAction.class.php 第 28 行.
[ 2016-01-06T08:03:53+08:00 ] /iBE/ | NOTIC: [8] A non well formed numeric value encountered IndexAction.class.php 第 28 行.
[ 2016-01-06T08:03:53+08:00 ] /iBE/ | NOTIC: [8] A non well formed numeric value encountered IndexAction.class.php 第 28 行.
[ 2016-01-06T08:03:53+08:00 ] /iBE/ | NOTIC: [8] A non well formed numeric value encountered IndexAction.class.php 第 28 行.
[ 2016-01-06T08:03:53+08:00 ] /iBE/ | NOTIC: [8] A non well formed numeric value encountered IndexAction.class.php 第 28 行.
[ 2016-01-06T08:03:53+08:00 ] /iBE/ | INFO: Tag[ view_template ] --START--
[ 2016-01-06T08:03:53+08:00 ] /iBE/ | INFO: Run LocationTemplate Behavior [ RunTime:0.065871s ]
[ 2016-01-06T08:03:53+08:00 ] /iBE/ | INFO: Tag[ view_template ] --END-- [ RunTime:0.065992s ]
[ 2016-01-06T08:03:53+08:00 ] /iBE/ | INFO: Tag[ view_parse ] --START--
[ 2016-01-06T08:03:53+08:00 ] /iBE/ | NOTIC: [8192] preg_replace(): The /e modifier is deprecated, use preg_replace_callback instead ThinkTemplate.class.php 第 186 行.
[ 2016-01-06T08:03:53+08:00 ] /iBE/ | NOTIC: [8192] preg_replace(): The /e modifier is deprecated, use preg_replace_callback instead ThinkTemplate.class.php 第 406 行.
[ 2016-01-06T08:03:53+08:00 ] /iBE/ | NOTIC: [8192] preg_replace(): The /e modifier is deprecated, use preg_replace_callback instead ThinkTemplate.class.php 第 406 行.
[ 2016-01-06T08:03:53+08:00 ] /iBE/ | NOTIC: [8192] preg_replace(): The /e modifier is deprecated, use preg_replace_callback instead ThinkTemplate.class.php 第 186 行.
[ 2016-01-06T08:03:53+08:00 ] /iBE/ | NOTIC: [8192] preg_replace(): The /e modifier is deprecated, use preg_replace_callback instead ThinkTemplate.class.php 第 406 行.
[ 2016-01-06T08:03:53+08:00 ] /iBE/ | NOTIC: [8192] preg_replace(): The /e modifier is deprecated, use preg_replace_callback instead ThinkTemplate.class.php 第 406 行.
[ 2016-01-06T08:03:53+08:00 ] /iBE/ | NOTIC: [8192] preg_replace(): The /e modifier is deprecated, use preg_replace_callback instead ThinkTemplate.class.php 第 406 行.
[ 2016-01-06T08:03:53+08:00 ] /iBE/ | NOTIC: [8192] preg_replace(): The /e modifier is deprecated, use preg_replace_callback instead ThinkTemplate.class.php 第 406 行.
[ 2016-01-06T08:03:53+08:00 ] /iBE/ | NOTIC: [8192] preg_replace(): The /e modifier is deprecated, use preg_replace_callback instead ThinkTemplate.class.php 第 406 行.
[ 2016-01-06T08:03:53+08:00 ] /iBE/ | NOTIC: [8192] preg_replace(): The /e modifier is deprecated, use preg_replace_callback instead ThinkTemplate.class.php 第 406 行.
[ 2016-01-06T08:03:53+08:00 ] /iBE/ | NOTIC: [8192] preg_replace(): The /e modifier is deprecated, use preg_replace_callback instead ThinkTemplate.class.php 第 406 行.
[ 2016-01-06T08:03:53+08:00 ] /iBE/ | NOTIC: [8192] preg_replace(): The /e modifier is deprecated, use preg_replace_callback instead ThinkTemplate.class.php 第 406 行.
[ 2016-01-06T08:03:53+08:00 ] /iBE/ | NOTIC: [8192] preg_replace(): The /e modifier is deprecated, use preg_replace_callback instead ThinkTemplate.class.php 第 406 行.
[ 2016-01-06T08:03:53+08:00 ] /iBE/ | NOTIC: [8192] preg_replace(): The /e modifier is deprecated, use preg_replace_callback instead ThinkTemplate.class.php 第 402 行.
[ 2016-01-06T08:03:53+08:00 ] /iBE/ | NOTIC: [8192] preg_replace(): The /e modifier is deprecated, use preg_replace_callback instead ThinkTemplate.class.php 第 402 行.
[ 2016-01-06T08:03:53+08:00 ] /iBE/ | NOTIC: [8192] preg_replace(): The /e modifier is deprecated, use preg_replace_callback instead ThinkTemplate.class.php 第 406 行.
[ 2016-01-06T08:03:53+08:00 ] /iBE/ | NOTIC: [8192] preg_replace(): The /e modifier is deprecated, use preg_replace_callback instead ThinkTemplate.class.php 第 406 行.
[ 2016-01-06T08:03:53+08:00 ] /iBE/ | NOTIC: [8192] preg_replace(): The /e modifier is deprecated, use preg_replace_callback instead ThinkTemplate.class.php 第 406 行.
[ 2016-01-06T08:03:53+08:00 ] /iBE/ | NOTIC: [8192] preg_replace(): The /e modifier is deprecated, use preg_replace_callback instead ThinkTemplate.class.php 第 402 行.
[ 2016-01-06T08:03:53+08:00 ] /iBE/ | NOTIC: [8192] preg_replace(): The /e modifier is deprecated, use preg_replace_callback instead ThinkTemplate.class.php 第 406 行.
[ 2016-01-06T08:03:53+08:00 ] /iBE/ | NOTIC: [8192] preg_replace(): The /e modifier is deprecated, use preg_replace_callback instead ThinkTemplate.class.php 第 406 行.
[ 2016-01-06T08:03:53+08:00 ] /iBE/ | NOTIC: [8192] preg_replace(): The /e modifier is deprecated, use preg_replace_callback instead ThinkTemplate.class.php 第 406 行.
[ 2016-01-06T08:03:53+08:00 ] /iBE/ | NOTIC: [8192] preg_replace(): The /e modifier is deprecated, use preg_replace_callback instead ThinkTemplate.class.php 第 406 行.
[ 2016-01-06T08:03:53+08:00 ] /iBE/ | NOTIC: [8192] preg_replace(): The /e modifier is deprecated, use preg_replace_callback instead ThinkTemplate.class.php 第 406 行.
[ 2016-01-06T08:03:53+08:00 ] /iBE/ | NOTIC: [8192] preg_replace(): The /e modifier is deprecated, use preg_replace_callback instead ThinkTemplate.class.php 第 406 行.
[ 2016-01-06T08:03:53+08:00 ] /iBE/ | NOTIC: [8192] preg_replace(): The /e modifier is deprecated, use preg_replace_callback instead ThinkTemplate.class.php 第 406 行.
[ 2016-01-06T08:03:53+08:00 ] /iBE/ | NOTIC: [8192] preg_replace(): The /e modifier is deprecated, use preg_replace_callback instead ThinkTemplate.class.php 第 406 行.
[ 2016-01-06T08:03:53+08:00 ] /iBE/ | NOTIC: [8192] preg_replace(): The /e modifier is deprecated, use preg_replace_callback instead ThinkTemplate.class.php 第 406 行.
[ 2016-01-06T08:03:53+08:00 ] /iBE/ | NOTIC: [8192] preg_replace(): The /e modifier is deprecated, use preg_replace_callback instead ThinkTemplate.class.php 第 406 行.
[ 2016-01-06T08:03:53+08:00 ] /iBE/ | NOTIC: [8192] preg_replace(): The /e modifier is deprecated, use preg_replace_callback instead ThinkTemplate.class.php 第 406 行.
[ 2016-01-06T08:03:53+08:00 ] /iBE/ | NOTIC: [8192] preg_replace(): The /e modifier is deprecated, use preg_replace_callback instead ThinkTemplate.class.php 第 406 行.
[ 2016-01-06T08:03:53+08:00 ] /iBE/ | NOTIC: [8192] preg_replace(): The /e modifier is deprecated, use preg_replace_callback instead ThinkTemplate.class.php 第 406 行.
[ 2016-01-06T08:03:53+08:00 ] /iBE/ | NOTIC: [8192] preg_replace(): The /e modifier is deprecated, use preg_replace_callback instead ThinkTemplate.class.php 第 406 行.
[ 2016-01-06T08:03:53+08:00 ] /iBE/ | NOTIC: [8192] preg_replace(): The /e modifier is deprecated, use preg_replace_callback instead ThinkTemplate.class.php 第 406 行.
[ 2016-01-06T08:03:53+08:00 ] /iBE/ | NOTIC: [8192] preg_replace(): The /e modifier is deprecated, use preg_replace_callback instead ThinkTemplate.class.php 第 406 行.
[ 2016-01-06T08:03:53+08:00 ] /iBE/ | NOTIC: [8192] preg_replace(): The /e modifier is deprecated, use preg_replace_callback instead ThinkTemplate.class.php 第 406 行.
[ 2016-01-06T08:03:53+08:00 ] /iBE/ | NOTIC: [8192] preg_replace(): The /e modifier is deprecated, use preg_replace_callback instead ThinkTemplate.class.php 第 406 行.
[ 2016-01-06T08:03:53+08:00 ] /iBE/ | NOTIC: [8192] preg_replace(): The /e modifier is deprecated, use preg_replace_callback instead ThinkTemplate.class.php 第 406 行.
[ 2016-01-06T08:03:53+08:00 ] /iBE/ | NOTIC: [8192] preg_replace(): The /e modifier is deprecated, use preg_replace_callback instead ThinkTemplate.class.php 第 406 行.
[ 2016-01-06T08:03:53+08:00 ] /iBE/ | NOTIC: [8192] preg_replace(): The /e modifier is deprecated, use preg_replace_callback instead ThinkTemplate.class.php 第 406 行.
[ 2016-01-06T08:03:53+08:00 ] /iBE/ | NOTIC: [8192] preg_replace(): The /e modifier is deprecated, use preg_replace_callback instead ThinkTemplate.class.php 第 406 行.
[ 2016-01-06T08:03:53+08:00 ] /iBE/ | NOTIC: [8192] preg_replace(): The /e modifier is deprecated, use preg_replace_callback instead ThinkTemplate.class.php 第 406 行.
[ 2016-01-06T08:03:53+08:00 ] /iBE/ | NOTIC: [8192] preg_replace(): The /e modifier is deprecated, use preg_replace_callback instead ThinkTemplate.class.php 第 406 行.
[ 2016-01-06T08:03:53+08:00 ] /iBE/ | NOTIC: [8192] preg_replace(): The /e modifier is deprecated, use preg_replace_callback instead ThinkTemplate.class.php 第 406 行.
[ 2016-01-06T08:03:53+08:00 ] /iBE/ | NOTIC: [8192] preg_replace(): The /e modifier is deprecated, use preg_replace_callback instead ThinkTemplate.class.php 第 406 行.
[ 2016-01-06T08:03:53+08:00 ] /iBE/ | NOTIC: [8192] preg_replace(): The /e modifier is deprecated, use preg_replace_callback instead ThinkTemplate.class.php 第 406 行.
[ 2016-01-06T08:03:53+08:00 ] /iBE/ | NOTIC: [8192] preg_replace(): The /e modifier is deprecated, use preg_replace_callback instead ThinkTemplate.class.php 第 406 行.
[ 2016-01-06T08:03:53+08:00 ] /iBE/ | NOTIC: [8192] preg_replace(): The /e modifier is deprecated, use preg_replace_callback instead ThinkTemplate.class.php 第 406 行.
[ 2016-01-06T08:03:53+08:00 ] /iBE/ | NOTIC: [8192] preg_replace(): The /e modifier is deprecated, use preg_replace_callback instead ThinkTemplate.class.php 第 406 行.
[ 2016-01-06T08:03:53+08:00 ] /iBE/ | NOTIC: [8192] preg_replace(): The /e modifier is deprecated, use preg_replace_callback instead ThinkTemplate.class.php 第 406 行.
[ 2016-01-06T08:03:53+08:00 ] /iBE/ | NOTIC: [8192] preg_replace(): The /e modifier is deprecated, use preg_replace_callback instead ThinkTemplate.class.php 第 406 行.
[ 2016-01-06T08:03:53+08:00 ] /iBE/ | NOTIC: [8192] preg_replace(): The /e modifier is deprecated, use preg_replace_callback instead ThinkTemplate.class.php 第 406 行.
[ 2016-01-06T08:03:53+08:00 ] /iBE/ | NOTIC: [8192] preg_replace(): The /e modifier is deprecated, use preg_replace_callback instead ThinkTemplate.class.php 第 406 行.
[ 2016-01-06T08:03:53+08:00 ] /iBE/ | NOTIC: [8192] preg_replace(): The /e modifier is deprecated, use preg_replace_callback instead ThinkTemplate.class.php 第 406 行.
[ 2016-01-06T08:03:53+08:00 ] /iBE/ | NOTIC: [8192] preg_replace(): The /e modifier is deprecated, use preg_replace_callback instead ThinkTemplate.class.php 第 406 行.
[ 2016-01-06T08:03:53+08:00 ] /iBE/ | NOTIC: [8192] preg_replace(): The /e modifier is deprecated, use preg_replace_callback instead ThinkTemplate.class.php 第 406 行.
[ 2016-01-06T08:03:53+08:00 ] /iBE/ | NOTIC: [8192] preg_replace(): The /e modifier is deprecated, use preg_replace_callback instead ThinkTemplate.class.php 第 406 行.
[ 2016-01-06T08:03:53+08:00 ] /iBE/ | NOTIC: [8192] preg_replace(): The /e modifier is deprecated, use preg_replace_callback instead ThinkTemplate.class.php 第 406 行.
[ 2016-01-06T08:03:53+08:00 ] /iBE/ | NOTIC: [8192] preg_replace(): The /e modifier is deprecated, use preg_replace_callback instead ThinkTemplate.class.php 第 406 行.
[ 2016-01-06T08:03:53+08:00 ] /iBE/ | NOTIC: [8192] preg_replace(): The /e modifier is deprecated, use preg_replace_callback instead ThinkTemplate.class.php 第 406 行.
[ 2016-01-06T08:03:53+08:00 ] /iBE/ | NOTIC: [8192] preg_replace(): The /e modifier is deprecated, use preg_replace_callback instead ThinkTemplate.class.php 第 406 行.
[ 2016-01-06T08:03:53+08:00 ] /iBE/ | NOTIC: [8192] preg_replace(): The /e modifier is deprecated, use preg_replace_callback instead ThinkTemplate.class.php 第 406 行.
[ 2016-01-06T08:03:53+08:00 ] /iBE/ | NOTIC: [8192] preg_replace(): The /e modifier is deprecated, use preg_replace_callback instead ThinkTemplate.class.php 第 406 行.
[ 2016-01-06T08:03:53+08:00 ] /iBE/ | NOTIC: [8192] preg_replace(): The /e modifier is deprecated, use preg_replace_callback instead ThinkTemplate.class.php 第 406 行.
[ 2016-01-06T08:03:53+08:00 ] /iBE/ | NOTIC: [8192] preg_replace(): The /e modifier is deprecated, use preg_replace_callback instead ThinkTemplate.class.php 第 406 行.
[ 2016-01-06T08:03:53+08:00 ] /iBE/ | NOTIC: [8192] preg_replace(): The /e modifier is deprecated, use preg_replace_callback instead ThinkTemplate.class.php 第 406 行.
[ 2016-01-06T08:03:53+08:00 ] /iBE/ | NOTIC: [8192] preg_replace(): The /e modifier is deprecated, use preg_replace_callback instead ThinkTemplate.class.php 第 406 行.
[ 2016-01-06T08:03:53+08:00 ] /iBE/ | NOTIC: [8192] preg_replace(): The /e modifier is deprecated, use preg_replace_callback instead ThinkTemplate.class.php 第 406 行.
[ 2016-01-06T08:03:53+08:00 ] /iBE/ | NOTIC: [8192] preg_replace(): The /e modifier is deprecated, use preg_replace_callback instead ThinkTemplate.class.php 第 406 行.
[ 2016-01-06T08:03:53+08:00 ] /iBE/ | NOTIC: [8192] preg_replace(): The /e modifier is deprecated, use preg_replace_callback instead ThinkTemplate.class.php 第 406 行.
[ 2016-01-06T08:03:53+08:00 ] /iBE/ | NOTIC: [8192] preg_replace(): The /e modifier is deprecated, use preg_replace_callback instead ThinkTemplate.class.php 第 406 行.
[ 2016-01-06T08:03:53+08:00 ] /iBE/ | NOTIC: [8192] preg_replace(): The /e modifier is deprecated, use preg_replace_callback instead ThinkTemplate.class.php 第 406 行.
[ 2016-01-06T08:03:53+08:00 ] /iBE/ | NOTIC: [8192] preg_replace(): The /e modifier is deprecated, use preg_replace_callback instead ThinkTemplate.class.php 第 406 行.
[ 2016-01-06T08:03:53+08:00 ] /iBE/ | NOTIC: [8192] preg_replace(): The /e modifier is deprecated, use preg_replace_callback instead ThinkTemplate.class.php 第 406 行.
[ 2016-01-06T08:03:53+08:00 ] /iBE/ | NOTIC: [8192] preg_replace(): The /e modifier is deprecated, use preg_replace_callback instead ThinkTemplate.class.php 第 406 行.
[ 2016-01-06T08:03:53+08:00 ] /iBE/ | NOTIC: [8192] preg_replace(): The /e modifier is deprecated, use preg_replace_callback instead ThinkTemplate.class.php 第 406 行.
[ 2016-01-06T08:03:53+08:00 ] /iBE/ | NOTIC: [8192] preg_replace(): The /e modifier is deprecated, use preg_replace_callback instead ThinkTemplate.class.php 第 406 行.
[ 2016-01-06T08:03:53+08:00 ] /iBE/ | NOTIC: [8192] preg_replace(): The /e modifier is deprecated, use preg_replace_callback instead ThinkTemplate.class.php 第 406 行.
[ 2016-01-06T08:03:53+08:00 ] /iBE/ | NOTIC: [8192] preg_replace(): The /e modifier is deprecated, use preg_replace_callback instead ThinkTemplate.class.php 第 406 行.
[ 2016-01-06T08:03:53+08:00 ] /iBE/ | NOTIC: [8192] preg_replace(): The /e modifier is deprecated, use preg_replace_callback instead ThinkTemplate.class.php 第 406 行.
[ 2016-01-06T08:03:53+08:00 ] /iBE/ | NOTIC: [8192] preg_replace(): The /e modifier is deprecated, use preg_replace_callback instead ThinkTemplate.class.php 第 406 行.
[ 2016-01-06T08:03:53+08:00 ] /iBE/ | NOTIC: [8192] preg_replace(): The /e modifier is deprecated, use preg_replace_callback instead ThinkTemplate.class.php 第 406 行.
[ 2016-01-06T08:03:53+08:00 ] /iBE/ | NOTIC: [8192] preg_replace(): The /e modifier is deprecated, use preg_replace_callback instead ThinkTemplate.class.php 第 406 行.
[ 2016-01-06T08:03:53+08:00 ] /iBE/ | NOTIC: [8192] preg_replace(): The /e modifier is deprecated, use preg_replace_callback instead ThinkTemplate.class.php 第 406 行.
[ 2016-01-06T08:03:53+08:00 ] /iBE/ | NOTIC: [8192] preg_replace(): The /e modifier is deprecated, use preg_replace_callback instead ThinkTemplate.class.php 第 406 行.
[ 2016-01-06T08:03:53+08:00 ] /iBE/ | NOTIC: [8192] preg_replace(): The /e modifier is deprecated, use preg_replace_callback instead ThinkTemplate.class.php 第 402 行.
[ 2016-01-06T08:03:53+08:00 ] /iBE/ | NOTIC: [8192] preg_replace(): The /e modifier is deprecated, use preg_replace_callback instead ThinkTemplate.class.php 第 402 行.
[ 2016-01-06T08:03:53+08:00 ] /iBE/ | NOTIC: [8192] preg_replace(): The /e modifier is deprecated, use preg_replace_callback instead ThinkTemplate.class.php 第 402 行.
[ 2016-01-06T08:03:53+08:00 ] /iBE/ | NOTIC: [8192] preg_replace(): The /e modifier is deprecated, use preg_replace_callback instead ThinkTemplate.class.php 第 402 行.
[ 2016-01-06T08:03:53+08:00 ] /iBE/ | NOTIC: [8192] preg_replace(): The /e modifier is deprecated, use preg_replace_callback instead ThinkTemplate.class.php 第 402 行.
[ 2016-01-06T08:03:53+08:00 ] /iBE/ | NOTIC: [8192] preg_replace(): The /e modifier is deprecated, use preg_replace_callback instead ThinkTemplate.class.php 第 402 行.
[ 2016-01-06T08:03:53+08:00 ] /iBE/ | NOTIC: [8192] preg_replace(): The /e modifier is deprecated, use preg_replace_callback instead ThinkTemplate.class.php 第 406 行.
[ 2016-01-06T08:03:53+08:00 ] /iBE/ | NOTIC: [8192] preg_replace(): The /e modifier is deprecated, use preg_replace_callback instead ThinkTemplate.class.php 第 406 行.
[ 2016-01-06T08:03:53+08:00 ] /iBE/ | NOTIC: [8192] preg_replace(): The /e modifier is deprecated, use preg_replace_callback instead ThinkTemplate.class.php 第 406 行.
[ 2016-01-06T08:03:53+08:00 ] /iBE/ | NOTIC: [8192] preg_replace(): The /e modifier is deprecated, use preg_replace_callback instead ThinkTemplate.class.php 第 220 行.
[ 2016-01-06T08:03:53+08:00 ] /iBE/ | NOTIC: [8192] preg_replace(): The /e modifier is deprecated, use preg_replace_callback instead ThinkTemplate.class.php 第 406 行.
[ 2016-01-06T08:03:53+08:00 ] /iBE/ | NOTIC: [8192] preg_replace(): The /e modifier is deprecated, use preg_replace_callback instead ThinkTemplate.class.php 第 406 行.
[ 2016-01-06T08:03:53+08:00 ] /iBE/ | NOTIC: [8192] preg_replace(): The /e modifier is deprecated, use preg_replace_callback instead ThinkTemplate.class.php 第 406 行.
[ 2016-01-06T08:03:53+08:00 ] /iBE/ | NOTIC: [8192] preg_replace(): The /e modifier is deprecated, use preg_replace_callback instead ThinkTemplate.class.php 第 406 行.
[ 2016-01-06T08:03:53+08:00 ] /iBE/ | NOTIC: [8192] preg_replace(): The /e modifier is deprecated, use preg_replace_callback instead ThinkTemplate.class.php 第 406 行.
[ 2016-01-06T08:03:53+08:00 ] /iBE/ | NOTIC: [8192] preg_replace(): The /e modifier is deprecated, use preg_replace_callback instead ThinkTemplate.class.php 第 406 行.
[ 2016-01-06T08:03:53+08:00 ] /iBE/ | NOTIC: [8192] preg_replace(): The /e modifier is deprecated, use preg_replace_callback instead ThinkTemplate.class.php 第 406 行.
[ 2016-01-06T08:03:53+08:00 ] /iBE/ | NOTIC: [8192] preg_replace(): The /e modifier is deprecated, use preg_replace_callback instead ThinkTemplate.class.php 第 402 行.
[ 2016-01-06T08:03:53+08:00 ] /iBE/ | NOTIC: [8192] preg_replace(): The /e modifier is deprecated, use preg_replace_callback instead ThinkTemplate.class.php 第 402 行.
[ 2016-01-06T08:03:53+08:00 ] /iBE/ | NOTIC: [8192] preg_replace(): The /e modifier is deprecated, use preg_replace_callback instead ThinkTemplate.class.php 第 406 行.
[ 2016-01-06T08:03:53+08:00 ] /iBE/ | NOTIC: [8192] preg_replace(): The /e modifier is deprecated, use preg_replace_callback instead ThinkTemplate.class.php 第 406 行.
[ 2016-01-06T08:03:53+08:00 ] /iBE/ | NOTIC: [8192] preg_replace(): The /e modifier is deprecated, use preg_replace_callback instead ThinkTemplate.class.php 第 406 行.
[ 2016-01-06T08:03:53+08:00 ] /iBE/ | NOTIC: [8192] preg_replace(): The /e modifier is deprecated, use preg_replace_callback instead ThinkTemplate.class.php 第 402 行.
[ 2016-01-06T08:03:53+08:00 ] /iBE/ | NOTIC: [8192] preg_replace(): The /e modifier is deprecated, use preg_replace_callback instead ThinkTemplate.class.php 第 406 行.
[ 2016-01-06T08:03:53+08:00 ] /iBE/ | NOTIC: [8192] preg_replace(): The /e modifier is deprecated, use preg_replace_callback instead ThinkTemplate.class.php 第 406 行.
[ 2016-01-06T08:03:53+08:00 ] /iBE/ | NOTIC: [8192] preg_replace(): The /e modifier is deprecated, use preg_replace_callback instead ThinkTemplate.class.php 第 406 行.
[ 2016-01-06T08:03:53+08:00 ] /iBE/ | NOTIC: [8192] preg_replace(): The /e modifier is deprecated, use preg_replace_callback instead ThinkTemplate.class.php 第 406 行.
[ 2016-01-06T08:03:53+08:00 ] /iBE/ | NOTIC: [8192] preg_replace(): The /e modifier is deprecated, use preg_replace_callback instead ThinkTemplate.class.php 第 406 行.
[ 2016-01-06T08:03:53+08:00 ] /iBE/ | NOTIC: [8192] preg_replace(): The /e modifier is deprecated, use preg_replace_callback instead ThinkTemplate.class.php 第 406 行.
[ 2016-01-06T08:03:53+08:00 ] /iBE/ | NOTIC: [8192] preg_replace(): The /e modifier is deprecated, use preg_replace_callback instead ThinkTemplate.class.php 第 406 行.
[ 2016-01-06T08:03:53+08:00 ] /iBE/ | NOTIC: [8192] preg_replace(): The /e modifier is deprecated, use preg_replace_callback instead ThinkTemplate.class.php 第 406 行.
[ 2016-01-06T08:03:53+08:00 ] /iBE/ | NOTIC: [8192] preg_replace(): The /e modifier is deprecated, use preg_replace_callback instead ThinkTemplate.class.php 第 406 行.
[ 2016-01-06T08:03:53+08:00 ] /iBE/ | NOTIC: [8192] preg_replace(): The /e modifier is deprecated, use preg_replace_callback instead ThinkTemplate.class.php 第 406 行.
[ 2016-01-06T08:03:53+08:00 ] /iBE/ | NOTIC: [8192] preg_replace(): The /e modifier is deprecated, use preg_replace_callback instead ThinkTemplate.class.php 第 406 行.
[ 2016-01-06T08:03:53+08:00 ] /iBE/ | NOTIC: [8192] preg_replace(): The /e modifier is deprecated, use preg_replace_callback instead ThinkTemplate.class.php 第 406 行.
[ 2016-01-06T08:03:53+08:00 ] /iBE/ | NOTIC: [8192] preg_replace(): The /e modifier is deprecated, use preg_replace_callback instead ThinkTemplate.class.php 第 406 行.
[ 2016-01-06T08:03:53+08:00 ] /iBE/ | NOTIC: [8192] preg_replace(): The /e modifier is deprecated, use preg_replace_callback instead ThinkTemplate.class.php 第 406 行.
[ 2016-01-06T08:03:53+08:00 ] /iBE/ | NOTIC: [8192] preg_replace(): The /e modifier is deprecated, use preg_replace_callback instead ThinkTemplate.class.php 第 406 行.
[ 2016-01-06T08:03:53+08:00 ] /iBE/ | NOTIC: [8192] preg_replace(): The /e modifier is deprecated, use preg_replace_callback instead ThinkTemplate.class.php 第 406 行.
[ 2016-01-06T08:03:53+08:00 ] /iBE/ | NOTIC: [8192] preg_replace(): The /e modifier is deprecated, use preg_replace_callback instead ThinkTemplate.class.php 第 406 行.
[ 2016-01-06T08:03:53+08:00 ] /iBE/ | NOTIC: [8192] preg_replace(): The /e modifier is deprecated, use preg_replace_callback instead ThinkTemplate.class.php 第 406 行.
[ 2016-01-06T08:03:53+08:00 ] /iBE/ | NOTIC: [8192] preg_replace(): The /e modifier is deprecated, use preg_replace_callback instead ThinkTemplate.class.php 第 406 行.
[ 2016-01-06T08:03:53+08:00 ] /iBE/ | NOTIC: [8192] preg_replace(): The /e modifier is deprecated, use preg_replace_callback instead ThinkTemplate.class.php 第 406 行.
[ 2016-01-06T08:03:53+08:00 ] /iBE/ | NOTIC: [8192] preg_replace(): The /e modifier is deprecated, use preg_replace_callback instead ThinkTemplate.class.php 第 406 行.
[ 2016-01-06T08:03:53+08:00 ] /iBE/ | NOTIC: [8192] preg_replace(): The /e modifier is deprecated, use preg_replace_callback instead ThinkTemplate.class.php 第 406 行.
[ 2016-01-06T08:03:53+08:00 ] /iBE/ | NOTIC: [8192] preg_replace(): The /e modifier is deprecated, use preg_replace_callback instead ThinkTemplate.class.php 第 406 行.
[ 2016-01-06T08:03:53+08:00 ] /iBE/ | NOTIC: [8192] preg_replace(): The /e modifier is deprecated, use preg_replace_callback instead ThinkTemplate.class.php 第 406 行.
[ 2016-01-06T08:03:53+08:00 ] /iBE/ | NOTIC: [8192] preg_replace(): The /e modifier is deprecated, use preg_replace_callback instead ThinkTemplate.class.php 第 406 行.
[ 2016-01-06T08:03:53+08:00 ] /iBE/ | NOTIC: [8192] preg_replace(): The /e modifier is deprecated, use preg_replace_callback instead ThinkTemplate.class.php 第 406 行.
[ 2016-01-06T08:03:53+08:00 ] /iBE/ | NOTIC: [8192] preg_replace(): The /e modifier is deprecated, use preg_replace_callback instead ThinkTemplate.class.php 第 406 行.
[ 2016-01-06T08:03:53+08:00 ] /iBE/ | NOTIC: [8192] preg_replace(): The /e modifier is deprecated, use preg_replace_callback instead ThinkTemplate.class.php 第 406 行.
[ 2016-01-06T08:03:53+08:00 ] /iBE/ | NOTIC: [8192] preg_replace(): The /e modifier is deprecated, use preg_replace_callback instead ThinkTemplate.class.php 第 406 行.
[ 2016-01-06T08:03:53+08:00 ] /iBE/ | NOTIC: [8192] preg_replace(): The /e modifier is deprecated, use preg_replace_callback instead ThinkTemplate.class.php 第 406 行.
[ 2016-01-06T08:03:53+08:00 ] /iBE/ | NOTIC: [8192] preg_replace(): The /e modifier is deprecated, use preg_replace_callback instead ThinkTemplate.class.php 第 406 行.
[ 2016-01-06T08:03:53+08:00 ] /iBE/ | NOTIC: [8192] preg_replace(): The /e modifier is deprecated, use preg_replace_callback instead ThinkTemplate.class.php 第 406 行.
[ 2016-01-06T08:03:53+08:00 ] /iBE/ | NOTIC: [8192] preg_replace(): The /e modifier is deprecated, use preg_replace_callback instead ThinkTemplate.class.php 第 406 行.
[ 2016-01-06T08:03:53+08:00 ] /iBE/ | NOTIC: [8192] preg_replace(): The /e modifier is deprecated, use preg_replace_callback instead ThinkTemplate.class.php 第 406 行.
[ 2016-01-06T08:03:53+08:00 ] /iBE/ | NOTIC: [8192] preg_replace(): The /e modifier is deprecated, use preg_replace_callback instead ThinkTemplate.class.php 第 406 行.
[ 2016-01-06T08:03:53+08:00 ] /iBE/ | NOTIC: [8192] preg_replace(): The /e modifier is deprecated, use preg_replace_callback instead ThinkTemplate.class.php 第 406 行.
[ 2016-01-06T08:03:53+08:00 ] /iBE/ | NOTIC: [8192] preg_replace(): The /e modifier is deprecated, use preg_replace_callback instead ThinkTemplate.class.php 第 406 行.
[ 2016-01-06T08:03:53+08:00 ] /iBE/ | NOTIC: [8192] preg_replace(): The /e modifier is deprecated, use preg_replace_callback instead ThinkTemplate.class.php 第 406 行.
[ 2016-01-06T08:03:53+08:00 ] /iBE/ | NOTIC: [8192] preg_replace(): The /e modifier is deprecated, use preg_replace_callback instead ThinkTemplate.class.php 第 406 行.
[ 2016-01-06T08:03:53+08:00 ] /iBE/ | NOTIC: [8192] preg_replace(): The /e modifier is deprecated, use preg_replace_callback instead ThinkTemplate.class.php 第 406 行.
[ 2016-01-06T08:03:53+08:00 ] /iBE/ | NOTIC: [8192] preg_replace(): The /e modifier is deprecated, use preg_replace_callback instead ThinkTemplate.class.php 第 406 行.
[ 2016-01-06T08:03:53+08:00 ] /iBE/ | NOTIC: [8192] preg_replace(): The /e modifier is deprecated, use preg_replace_callback instead ThinkTemplate.class.php 第 406 行.
[ 2016-01-06T08:03:53+08:00 ] /iBE/ | NOTIC: [8192] preg_replace(): The /e modifier is deprecated, use preg_replace_callback instead ThinkTemplate.class.php 第 406 行.
[ 2016-01-06T08:03:53+08:00 ] /iBE/ | NOTIC: [8192] preg_replace(): The /e modifier is deprecated, use preg_replace_callback instead ThinkTemplate.class.php 第 406 行.
[ 2016-01-06T08:03:53+08:00 ] /iBE/ | NOTIC: [8192] preg_replace(): The /e modifier is deprecated, use preg_replace_callback instead ThinkTemplate.class.php 第 406 行.
[ 2016-01-06T08:03:53+08:00 ] /iBE/ | NOTIC: [8192] preg_replace(): The /e modifier is deprecated, use preg_replace_callback instead ThinkTemplate.class.php 第 406 行.
[ 2016-01-06T08:03:53+08:00 ] /iBE/ | NOTIC: [8192] preg_replace(): The /e modifier is deprecated, use preg_replace_callback instead ThinkTemplate.class.php 第 406 行.
[ 2016-01-06T08:03:53+08:00 ] /iBE/ | NOTIC: [8192] preg_replace(): The /e modifier is deprecated, use preg_replace_callback instead ThinkTemplate.class.php 第 406 行.
[ 2016-01-06T08:03:53+08:00 ] /iBE/ | NOTIC: [8192] preg_replace(): The /e modifier is deprecated, use preg_replace_callback instead ThinkTemplate.class.php 第 406 行.
[ 2016-01-06T08:03:53+08:00 ] /iBE/ | NOTIC: [8192] preg_replace(): The /e modifier is deprecated, use preg_replace_callback instead ThinkTemplate.class.php 第 406 行.
[ 2016-01-06T08:03:53+08:00 ] /iBE/ | NOTIC: [8192] preg_replace(): The /e modifier is deprecated, use preg_replace_callback instead ThinkTemplate.class.php 第 406 行.
[ 2016-01-06T08:03:53+08:00 ] /iBE/ | NOTIC: [8192] preg_replace(): The /e modifier is deprecated, use preg_replace_callback instead ThinkTemplate.class.php 第 406 行.
[ 2016-01-06T08:03:53+08:00 ] /iBE/ | NOTIC: [8192] preg_replace(): The /e modifier is deprecated, use preg_replace_callback instead ThinkTemplate.class.php 第 406 行.
[ 2016-01-06T08:03:53+08:00 ] /iBE/ | NOTIC: [8192] preg_replace(): The /e modifier is deprecated, use preg_replace_callback instead ThinkTemplate.class.php 第 406 行.
[ 2016-01-06T08:03:53+08:00 ] /iBE/ | NOTIC: [8192] preg_replace(): The /e modifier is deprecated, use preg_replace_callback instead ThinkTemplate.class.php 第 406 行.
[ 2016-01-06T08:03:53+08:00 ] /iBE/ | NOTIC: [8192] preg_replace(): The /e modifier is deprecated, use preg_replace_callback instead ThinkTemplate.class.php 第 406 行.
[ 2016-01-06T08:03:53+08:00 ] /iBE/ | NOTIC: [8192] preg_replace(): The /e modifier is deprecated, use preg_replace_callback instead ThinkTemplate.class.php 第 406 行.
[ 2016-01-06T08:03:53+08:00 ] /iBE/ | NOTIC: [8192] preg_replace(): The /e modifier is deprecated, use preg_replace_callback instead ThinkTemplate.class.php 第 406 行.
[ 2016-01-06T08:03:53+08:00 ] /iBE/ | NOTIC: [8192] preg_replace(): The /e modifier is deprecated, use preg_replace_callback instead ThinkTemplate.class.php 第 406 行.
[ 2016-01-06T08:03:53+08:00 ] /iBE/ | NOTIC: [8192] preg_replace(): The /e modifier is deprecated, use preg_replace_callback instead ThinkTemplate.class.php 第 406 行.
[ 2016-01-06T08:03:53+08:00 ] /iBE/ | NOTIC: [8192] preg_replace(): The /e modifier is deprecated, use preg_replace_callback instead ThinkTemplate.class.php 第 406 行.
[ 2016-01-06T08:03:53+08:00 ] /iBE/ | NOTIC: [8192] preg_replace(): The /e modifier is deprecated, use preg_replace_callback instead ThinkTemplate.class.php 第 406 行.
[ 2016-01-06T08:03:53+08:00 ] /iBE/ | NOTIC: [8192] preg_replace(): The /e modifier is deprecated, use preg_replace_callback instead ThinkTemplate.class.php 第 406 行.
[ 2016-01-06T08:03:53+08:00 ] /iBE/ | NOTIC: [8192] preg_replace(): The /e modifier is deprecated, use preg_replace_callback instead ThinkTemplate.class.php 第 406 行.
[ 2016-01-06T08:03:53+08:00 ] /iBE/ | NOTIC: [8192] preg_replace(): The /e modifier is deprecated, use preg_replace_callback instead ThinkTemplate.class.php 第 406 行.
[ 2016-01-06T08:03:53+08:00 ] /iBE/ | NOTIC: [8192] preg_replace(): The /e modifier is deprecated, use preg_replace_callback instead ThinkTemplate.class.php 第 406 行.
[ 2016-01-06T08:03:53+08:00 ] /iBE/ | NOTIC: [8192] preg_replace(): The /e modifier is deprecated, use preg_replace_callback instead ThinkTemplate.class.php 第 402 行.
[ 2016-01-06T08:03:53+08:00 ] /iBE/ | NOTIC: [8192] preg_replace(): The /e modifier is deprecated, use preg_replace_callback instead ThinkTemplate.class.php 第 402 行.
[ 2016-01-06T08:03:53+08:00 ] /iBE/ | NOTIC: [8192] preg_replace(): The /e modifier is deprecated, use preg_replace_callback instead ThinkTemplate.class.php 第 402 行.
[ 2016-01-06T08:03:53+08:00 ] /iBE/ | NOTIC: [8192] preg_replace(): The /e modifier is deprecated, use preg_replace_callback instead ThinkTemplate.class.php 第 402 行.
[ 2016-01-06T08:03:53+08:00 ] /iBE/ | NOTIC: [8192] preg_replace(): The /e modifier is deprecated, use preg_replace_callback instead ThinkTemplate.class.php 第 402 行.
[ 2016-01-06T08:03:53+08:00 ] /iBE/ | NOTIC: [8192] preg_replace(): The /e modifier is deprecated, use preg_replace_callback instead ThinkTemplate.class.php 第 402 行.
[ 2016-01-06T08:03:53+08:00 ] /iBE/ | NOTIC: [8192] preg_replace(): The /e modifier is deprecated, use preg_replace_callback instead ThinkTemplate.class.php 第 406 行.
[ 2016-01-06T08:03:53+08:00 ] /iBE/ | NOTIC: [8192] preg_replace(): The /e modifier is deprecated, use preg_replace_callback instead ThinkTemplate.class.php 第 406 行.
[ 2016-01-06T08:03:53+08:00 ] /iBE/ | NOTIC: [8192] preg_replace(): The /e modifier is deprecated, use preg_replace_callback instead ThinkTemplate.class.php 第 406 行.
[ 2016-01-06T08:03:53+08:00 ] /iBE/ | NOTIC: [8192] preg_replace(): The /e modifier is deprecated, use preg_replace_callback instead ThinkTemplate.class.php 第 220 行.
[ 2016-01-06T08:03:53+08:00 ] /iBE/ | NOTIC: [8192] preg_replace(): The /e modifier is deprecated, use preg_replace_callback instead ThinkTemplate.class.php 第 154 行.
[ 2016-01-06T08:03:53+08:00 ] /iBE/ | NOTIC: [8] Undefined index: createtime d046431aa157c89f3a1c30c426be003b.php 第 11 行.
[ 2016-01-06T08:03:53+08:00 ] /iBE/ | NOTIC: [8] Undefined index: createtime d046431aa157c89f3a1c30c426be003b.php 第 11 行.
[ 2016-01-06T08:03:53+08:00 ] /iBE/ | NOTIC: [8] Undefined index: createtime d046431aa157c89f3a1c30c426be003b.php 第 11 行.
[ 2016-01-06T08:03:53+08:00 ] /iBE/ | NOTIC: [8] Undefined index: createtime d046431aa157c89f3a1c30c426be003b.php 第 11 行.
[ 2016-01-06T08:03:53+08:00 ] /iBE/ | NOTIC: [8] Undefined index: createtime d046431aa157c89f3a1c30c426be003b.php 第 11 行.
[ 2016-01-06T08:03:53+08:00 ] /iBE/ | INFO: Run ParseTemplate Behavior [ RunTime:0.889219s ]
[ 2016-01-06T08:03:53+08:00 ] /iBE/ | INFO: Tag[ view_parse ] --END-- [ RunTime:0.889292s ]
[ 2016-01-06T08:03:53+08:00 ] /iBE/ | INFO: Tag[ view_filter ] --START--
[ 2016-01-06T08:03:54+08:00 ] /iBE/ | INFO: Run ContentReplace Behavior [ RunTime:0.025021s ]
[ 2016-01-06T08:03:54+08:00 ] /iBE/ | INFO: Run TokenBuild Behavior [ RunTime:0.012204s ]
[ 2016-01-06T08:03:54+08:00 ] /iBE/ | INFO: Run WriteHtmlCache Behavior [ RunTime:0.012000s ]
[ 2016-01-06T08:03:54+08:00 ] /iBE/ | INFO: Run ShowRuntime Behavior [ RunTime:0.058817s ]
[ 2016-01-06T08:03:54+08:00 ] /iBE/ | INFO: Tag[ view_filter ] --END-- [ RunTime:0.108314s ]
[ 2016-01-06T08:03:54+08:00 ] /iBE/ | INFO: Tag[ view_end ] --START--
[ 2016-01-06T08:03:54+08:00 ] /iBE/ | INFO: Run ShowPageTrace Behavior [ RunTime:0.030701s ]
[ 2016-01-06T08:03:54+08:00 ] /iBE/ | INFO: Tag[ view_end ] --END-- [ RunTime:0.030808s ]
